#the git code
mkdir learngit
cd learngit
git init
git add learngit.code.log
git config --global core.autocrlf false
git commit -m 'a log file for git code'
# I add a new file--- test.txt
git status
git diff learngit.code.log
git add learngit.code.log
git add test.txt
git commit -m 'first to change,v1'
git log
git log --pretty=oneline
git reset --hard HEAD^
git reset --hard commitID
git reflog
git diff file
git diff HEAD -- file
git reset HEAD file
git rm file
git remote add origin git@github.com:michaelliao/learngit.git
git pull origin master --allow-unrelated-histories
git push -u origin master
git checkout -b dev  == git branch dev;git checkout dev
git branch

git checkout master





